2024-08-06 13:39:05 error: This is an error message
2024-08-06 13:39:05 fatal: This is a fatal message
2024-08-06 13:39:05 error: This is a caught error Test error
2024-08-06 13:41:28 [31merror[39m: [31mThis is an error message[39m
2024-08-06 13:41:28 [35mfatal[39m: [35mThis is a fatal message[39m
2024-08-06 13:41:28 [31merror[39m: [31mThis is a caught error Test error[39m
2024-08-08 21:12:20 [31merror[39m: [31mError: [39m
2024-08-08 21:12:20 [31merror[39m: [31mStack trace: [39m
2024-08-08 21:13:31 [31merror[39m: [31mError: [39m
2024-08-08 21:13:31 [31merror[39m: [31mStack trace: [39m
2024-08-11 19:55:20 [31merror[39m: [31mError: [39m
2024-08-11 19:55:20 [31merror[39m: [31mStack trace: [39m
2024-09-01 21:08:29 [31merror[39m: [31mError: [39m
2024-09-01 21:08:29 [31merror[39m: [31mStack trace: [39m
2024-09-01 21:08:30 [31merror[39m: [31mError: [39m
2024-09-01 21:08:30 [31merror[39m: [31mStack trace: [39m
2024-09-01 21:45:05 [31merror[39m: [31mError: [39m
2024-09-01 21:45:05 [31merror[39m: [31mStack trace: [39m
2024-09-01 21:45:37 [31merror[39m: [31mError: [39m
2024-09-01 21:45:37 [31merror[39m: [31mStack trace: [39m
2024-09-01 21:47:08 [31merror[39m: [31mError: [39m
2024-09-01 21:47:08 [31merror[39m: [31mStack trace: [39m
2024-09-01 21:48:05 [31merror[39m: [31mError: [39m
2024-09-01 21:48:05 [31merror[39m: [31mStack trace: [39m
2024-09-01 21:48:21 [31merror[39m: [31mError: [39m
2024-09-01 21:48:21 [31merror[39m: [31mStack trace: [39m
2024-09-01 21:48:40 [31merror[39m: [31mError: [39m
2024-09-01 21:48:40 [31merror[39m: [31mStack trace: [39m
2024-09-01 21:48:44 [31merror[39m: [31mError: [39m
2024-09-01 21:48:44 [31merror[39m: [31mStack trace: [39m
2024-09-01 21:48:55 [31merror[39m: [31mError: [39m
2024-09-01 21:48:55 [31merror[39m: [31mStack trace: [39m
2024-09-01 21:49:05 [31merror[39m: [31mError: [39m
2024-09-01 21:49:05 [31merror[39m: [31mStack trace: [39m
2024-09-01 21:49:10 [31merror[39m: [31mError: [39m
2024-09-01 21:49:10 [31merror[39m: [31mStack trace: [39m
2024-09-01 21:49:13 [31merror[39m: [31mError: [39m
2024-09-01 21:49:13 [31merror[39m: [31mStack trace: [39m
2024-09-01 21:49:32 [31merror[39m: [31mError: [39m
2024-09-01 21:49:32 [31merror[39m: [31mStack trace: [39m
2024-09-01 21:49:41 [31merror[39m: [31mError: [39m
2024-09-01 21:49:41 [31merror[39m: [31mStack trace: [39m
2024-09-01 21:49:58 [31merror[39m: [31mError: [39m
2024-09-01 21:49:58 [31merror[39m: [31mStack trace: [39m
2024-09-01 21:52:22 [31merror[39m: [31mError: [39m
2024-09-01 21:52:22 [31merror[39m: [31mStack trace: [39m
2024-09-01 21:52:24 [31merror[39m: [31mError: [39m
2024-09-01 21:52:24 [31merror[39m: [31mStack trace: [39m
2024-09-01 21:53:40 [31merror[39m: [31mError: [39m
2024-09-01 21:53:40 [31merror[39m: [31mStack trace: [39m
2024-09-01 21:53:42 [31merror[39m: [31mError: [39m
2024-09-01 21:53:42 [31merror[39m: [31mStack trace: [39m
2024-09-01 21:53:46 [31merror[39m: [31mError: [39m
2024-09-01 21:53:46 [31merror[39m: [31mStack trace: [39m
2024-09-01 21:55:04 [31merror[39m: [31mError: [39m
2024-09-01 21:55:04 [31merror[39m: [31mStack trace: [39m
2024-09-01 21:56:46 [31merror[39m: [31mError: [39m
2024-09-01 21:56:46 [31merror[39m: [31mStack trace: [39m
2024-09-01 21:59:48 [31merror[39m: [31mError: [39m
2024-09-01 21:59:48 [31merror[39m: [31mStack trace: [39m
2024-09-01 22:00:13 [31merror[39m: [31mError: [39m
2024-09-01 22:00:13 [31merror[39m: [31mStack trace: [39m
2024-09-01 22:02:16 [31merror[39m: [31mError: [39m
2024-09-01 22:02:16 [31merror[39m: [31mStack trace: [39m
2024-09-01 22:02:49 [31merror[39m: [31mError: [39m
2024-09-01 22:02:49 [31merror[39m: [31mStack trace: [39m
2024-09-01 22:06:05 [31merror[39m: [31mError: [39m
2024-09-01 22:06:05 [31merror[39m: [31mStack trace: [39m
2024-09-01 22:14:18 [31merror[39m: [31mError: [39m
2024-09-01 22:14:18 [31merror[39m: [31mStack trace: [39m
2024-09-01 22:14:19 [31merror[39m: [31mError: [39m
2024-09-01 22:14:19 [31merror[39m: [31mStack trace: [39m
2024-09-01 22:14:32 [31merror[39m: [31mError: [39m
2024-09-01 22:14:32 [31merror[39m: [31mStack trace: [39m
2024-09-01 22:58:25 [31merror[39m: [31mError: [39m
2024-09-01 22:58:25 [31merror[39m: [31mStack trace: [39m
2024-09-01 22:59:08 [31merror[39m: [31mError: [39m
2024-09-01 22:59:08 [31merror[39m: [31mStack trace: [39m
2024-09-01 22:59:09 [31merror[39m: [31mError: [39m
2024-09-01 22:59:09 [31merror[39m: [31mStack trace: [39m
2024-09-01 22:59:45 [31merror[39m: [31mError: [39m
2024-09-01 22:59:45 [31merror[39m: [31mStack trace: [39m
2024-09-01 23:01:51 [31merror[39m: [31mError: [39m
2024-09-01 23:01:51 [31merror[39m: [31mStack trace: [39m
2024-09-01 23:01:51 [31merror[39m: [31mError: [39m
2024-09-01 23:01:51 [31merror[39m: [31mStack trace: [39m
2024-09-01 23:03:21 [31merror[39m: [31mError: [39m
2024-09-01 23:03:21 [31merror[39m: [31mStack trace: [39m
2024-09-01 23:07:43 [31merror[39m: [31mError: [39m
2024-09-01 23:07:43 [31merror[39m: [31mStack trace: [39m
